C51 COMPILER V9.54   UART                                                                  01/13/2022 10:37:18 PAGE 1   


C51 COMPILER V9.54, COMPILATION OF MODULE UART
OBJECT MODULE PLACED IN .\Objects\UART.obj
COMPILER INVOKED BY: D:\keil5\C51\BIN\C51.EXE UART.c OPTIMIZE(8,SPEED) BROWSE DEBUG OBJECTEXTEND PRINT(.\Listings\UART.l
                    -st) TABS(2) OBJECT(.\Objects\UART.obj)

line level    source

   1          #include <REGX51.H>
   2          
   3          unsigned char Music_Play,KeyNum;
   4          
   5          void UART_Init()  //11.0592M 无误差 9600bit
   6          {
   7   1        SCON=0x50;
   8   1        PCON |= 0x80;
   9   1        TMOD &= 0x0F;   
  10   1        TMOD |= 0x20;   
  11   1        TL1 = 0xFA;   
  12   1        TH1 = 0xFA;   
  13   1        ET1 = 0;    
  14   1        TR1 = 1;
  15   1        EA = 1;
  16   1        ES = 1;
  17   1      }
  18          
  19          void UART_SendByte(unsigned char Byte)
  20          {
  21   1        SBUF=Byte;
  22   1        while(TI==0);
  23   1        TI=0;
  24   1      }
  25          
  26          void UART_Input()
  27          {
  28   1          if(SBUF==0x01)
  29   1          {
  30   2            Music_Play=1;
  31   2          }
  32   1          if(SBUF==0x02)
  33   1          {
  34   2            Music_Play=2;
  35   2          }
  36   1          if(SBUF==0x03)
  37   1          {
  38   2            Music_Play=3;
  39   2          }
  40   1          if(SBUF==0x05)
  41   1          {
  42   2            KeyNum=1;
  43   2          }
  44   1          if(SBUF==0x06)
  45   1          {
  46   2            KeyNum=2;
  47   2          }
  48   1          if(SBUF==0x07)
  49   1          {
  50   2            KeyNum=3;
  51   2          }
  52   1          if(SBUF==0x08)
  53   1          {
  54   2            KeyNum=4;
C51 COMPILER V9.54   UART                                                                  01/13/2022 10:37:18 PAGE 2   

  55   2          }
  56   1          if(SBUF==0x09)
  57   1          {
  58   2            KeyNum=5;
  59   2          }
  60   1          if(SBUF==0x0A)
  61   1          {
  62   2            KeyNum=6;
  63   2          }
  64   1          if(SBUF==0x0B)
  65   1          {
  66   2            KeyNum=7;
  67   2          }
  68   1          if(SBUF==0x0C)
  69   1          {
  70   2            KeyNum=8;
  71   2          }
  72   1      }
  73          
  74          /*串口中断函数模板
  75          void UART_Routine() interrupt 4
  76          {
  77            if(RI==1)
  78            {
  79          
  80          
  81              RI=0;
  82            }
  83          }
  84          */


MODULE INFORMATION:   STATIC OVERLAYABLE
   CODE SIZE        =    124    ----
   CONSTANT SIZE    =   ----    ----
   XDATA SIZE       =   ----    ----
   PDATA SIZE       =   ----    ----
   DATA SIZE        =      2    ----
   IDATA SIZE       =   ----    ----
   BIT SIZE         =   ----    ----
END OF MODULE INFORMATION.


C51 COMPILATION COMPLETE.  0 WARNING(S),  0 ERROR(S)
